<?xml version="1.0" encoding="UTF-8"?>
<coverage generated="1511973507">
  <project timestamp="1511973507">
    <file name="/Users/matheus/Dropbox/Desenvolvimento/Git/teste-software/cache/phpunit/temp1/Main.php">
      <class name="Main" namespace="global">
        <metrics complexity="2" methods="1" coveredmethods="0" conditionals="0" coveredconditionals="0" statements="3" coveredstatements="2" elements="4" coveredelements="2"/>
      </class>
      <line num="5" type="method" name="teste" visibility="public" complexity="2" crap="2.15" count="1"/>
      <line num="6" type="stmt" count="1"/>
      <line num="7" type="stmt" count="0"/>
      <line num="9" type="stmt" count="1"/>
      <metrics loc="12" ncloc="12" classes="1" methods="1" coveredmethods="0" conditionals="0" coveredconditionals="0" statements="3" coveredstatements="2" elements="4" coveredelements="2"/>
    </file>
    <file name="/Users/matheus/Dropbox/Desenvolvimento/Git/teste-software/cache/phpunit/temp1/MainTest.php">
      <class name="MainTest" namespace="global">
        <metrics complexity="1" methods="1" coveredmethods="1" conditionals="0" coveredconditionals="0" statements="3" coveredstatements="3" elements="4" coveredelements="4"/>
      </class>
      <line num="8" type="method" name="testeUm" visibility="public" complexity="1" crap="1" count="1"/>
      <line num="10" type="stmt" count="1"/>
      <line num="12" type="stmt" count="1"/>
      <line num="13" type="stmt" count="1"/>
      <metrics loc="14" ncloc="14" classes="1" methods="1" coveredmethods="1" conditionals="0" coveredconditionals="0" statements="3" coveredstatements="3" elements="4" coveredelements="4"/>
    </file>
    <metrics files="2" loc="26" ncloc="26" classes="2" methods="2" coveredmethods="1" conditionals="0" coveredconditionals="0" statements="6" coveredstatements="5" elements="8" coveredelements="6"/>
  </project>
</coverage>
